<?xml version="1.0" encoding="UTF-8"?>
<testsuite xmlns:xsi="http://www.w3.org/2001/XMLSchema-instance" xsi:noNamespaceSchemaLocation="https://maven.apache.org/surefire/maven-surefire-plugin/xsd/surefire-test-report.xsd" name="com.noobHack.karma.KarmaApplicationTests" time="6.384" tests="1" errors="0" skipped="0" failures="0">
  <properties>
    <property name="java.specification.version" value="13"/>
    <property name="sun.jnu.encoding" value="UTF-8"/>
    <property name="java.class.path" value="/Users/aishwaryamanisha/Hackademy/hackademy/API/target/test-classes:/Users/aishwaryamanisha/Hackademy/hackademy/API/target/classes:/Users/aishwaryamanisha/.m2/repository/org/springframework/boot/spring-boot-starter/2.2.1.RELEASE/spring-boot-starter-2.2.1.RELEASE.jar:/Users/aishwaryamanisha/.m2/repository/org/springframework/boot/spring-boot/2.2.1.RELEASE/spring-boot-2.2.1.RELEASE.jar:/Users/aishwaryamanisha/.m2/repository/org/springframework/spring-context/5.2.1.RELEASE/spring-context-5.2.1.RELEASE.jar:/Users/aishwaryamanisha/.m2/repository/org/springframework/spring-aop/5.2.1.RELEASE/spring-aop-5.2.1.RELEASE.jar:/Users/aishwaryamanisha/.m2/repository/org/springframework/spring-beans/5.2.1.RELEASE/spring-beans-5.2.1.RELEASE.jar:/Users/aishwaryamanisha/.m2/repository/org/springframework/spring-expression/5.2.1.RELEASE/spring-expression-5.2.1.RELEASE.jar:/Users/aishwaryamanisha/.m2/repository/org/springframework/boot/spring-boot-autoconfigure/2.2.1.RELEASE/spring-boot-autoconfigure-2.2.1.RELEASE.jar:/Users/aishwaryamanisha/.m2/repository/org/springframework/boot/spring-boot-starter-logging/2.2.1.RELEASE/spring-boot-starter-logging-2.2.1.RELEASE.jar:/Users/aishwaryamanisha/.m2/repository/ch/qos/logback/logback-classic/1.2.3/logback-classic-1.2.3.jar:/Users/aishwaryamanisha/.m2/repository/ch/qos/logback/logback-core/1.2.3/logback-core-1.2.3.jar:/Users/aishwaryamanisha/.m2/repository/org/apache/logging/log4j/log4j-to-slf4j/2.12.1/log4j-to-slf4j-2.12.1.jar:/Users/aishwaryamanisha/.m2/repository/org/apache/logging/log4j/log4j-api/2.12.1/log4j-api-2.12.1.jar:/Users/aishwaryamanisha/.m2/repository/org/slf4j/jul-to-slf4j/1.7.29/jul-to-slf4j-1.7.29.jar:/Users/aishwaryamanisha/.m2/repository/jakarta/annotation/jakarta.annotation-api/1.3.5/jakarta.annotation-api-1.3.5.jar:/Users/aishwaryamanisha/.m2/repository/org/springframework/spring-core/5.2.1.RELEASE/spring-core-5.2.1.RELEASE.jar:/Users/aishwaryamanisha/.m2/repository/org/springframework/spring-jcl/5.2.1.RELEASE/spring-jcl-5.2.1.RELEASE.jar:/Users/aishwaryamanisha/.m2/repository/org/yaml/snakeyaml/1.25/snakeyaml-1.25.jar:/Users/aishwaryamanisha/.m2/repository/org/springframework/boot/spring-boot-starter-test/2.2.1.RELEASE/spring-boot-starter-test-2.2.1.RELEASE.jar:/Users/aishwaryamanisha/.m2/repository/org/springframework/boot/spring-boot-test/2.2.1.RELEASE/spring-boot-test-2.2.1.RELEASE.jar:/Users/aishwaryamanisha/.m2/repository/org/springframework/boot/spring-boot-test-autoconfigure/2.2.1.RELEASE/spring-boot-test-autoconfigure-2.2.1.RELEASE.jar:/Users/aishwaryamanisha/.m2/repository/com/jayway/jsonpath/json-path/2.4.0/json-path-2.4.0.jar:/Users/aishwaryamanisha/.m2/repository/net/minidev/json-smart/2.3/json-smart-2.3.jar:/Users/aishwaryamanisha/.m2/repository/net/minidev/accessors-smart/1.2/accessors-smart-1.2.jar:/Users/aishwaryamanisha/.m2/repository/org/ow2/asm/asm/5.0.4/asm-5.0.4.jar:/Users/aishwaryamanisha/.m2/repository/jakarta/xml/bind/jakarta.xml.bind-api/2.3.2/jakarta.xml.bind-api-2.3.2.jar:/Users/aishwaryamanisha/.m2/repository/jakarta/activation/jakarta.activation-api/1.2.1/jakarta.activation-api-1.2.1.jar:/Users/aishwaryamanisha/.m2/repository/org/junit/jupiter/junit-jupiter/5.5.2/junit-jupiter-5.5.2.jar:/Users/aishwaryamanisha/.m2/repository/org/junit/jupiter/junit-jupiter-api/5.5.2/junit-jupiter-api-5.5.2.jar:/Users/aishwaryamanisha/.m2/repository/org/apiguardian/apiguardian-api/1.1.0/apiguardian-api-1.1.0.jar:/Users/aishwaryamanisha/.m2/repository/org/opentest4j/opentest4j/1.2.0/opentest4j-1.2.0.jar:/Users/aishwaryamanisha/.m2/repository/org/junit/platform/junit-platform-commons/1.5.2/junit-platform-commons-1.5.2.jar:/Users/aishwaryamanisha/.m2/repository/org/junit/jupiter/junit-jupiter-params/5.5.2/junit-jupiter-params-5.5.2.jar:/Users/aishwaryamanisha/.m2/repository/org/junit/jupiter/junit-jupiter-engine/5.5.2/junit-jupiter-engine-5.5.2.jar:/Users/aishwaryamanisha/.m2/repository/org/junit/platform/junit-platform-engine/1.5.2/junit-platform-engine-1.5.2.jar:/Users/aishwaryamanisha/.m2/repository/org/mockito/mockito-junit-jupiter/3.1.0/mockito-junit-jupiter-3.1.0.jar:/Users/aishwaryamanisha/.m2/repository/org/assertj/assertj-core/3.13.2/assertj-core-3.13.2.jar:/Users/aishwaryamanisha/.m2/repository/org/hamcrest/hamcrest/2.1/hamcrest-2.1.jar:/Users/aishwaryamanisha/.m2/repository/org/mockito/mockito-core/3.1.0/mockito-core-3.1.0.jar:/Users/aishwaryamanisha/.m2/repository/net/bytebuddy/byte-buddy/1.10.2/byte-buddy-1.10.2.jar:/Users/aishwaryamanisha/.m2/repository/net/bytebuddy/byte-buddy-agent/1.10.2/byte-buddy-agent-1.10.2.jar:/Users/aishwaryamanisha/.m2/repository/org/objenesis/objenesis/2.6/objenesis-2.6.jar:/Users/aishwaryamanisha/.m2/repository/org/skyscreamer/jsonassert/1.5.0/jsonassert-1.5.0.jar:/Users/aishwaryamanisha/.m2/repository/com/vaadin/external/google/android-json/0.0.20131108.vaadin1/android-json-0.0.20131108.vaadin1.jar:/Users/aishwaryamanisha/.m2/repository/org/springframework/spring-test/5.2.1.RELEASE/spring-test-5.2.1.RELEASE.jar:/Users/aishwaryamanisha/.m2/repository/org/xmlunit/xmlunit-core/2.6.3/xmlunit-core-2.6.3.jar:/Users/aishwaryamanisha/.m2/repository/com/daml/bindings-rxjava/1.2.0/bindings-rxjava-1.2.0.jar:/Users/aishwaryamanisha/.m2/repository/com/daml/bindings-java/1.2.0/bindings-java-1.2.0.jar:/Users/aishwaryamanisha/.m2/repository/com/google/code/findbugs/jsr305/3.0.2/jsr305-3.0.2.jar:/Users/aishwaryamanisha/.m2/repository/com/google/guava/guava/24.0-jre/guava-24.0-jre.jar:/Users/aishwaryamanisha/.m2/repository/org/checkerframework/checker-compat-qual/2.0.0/checker-compat-qual-2.0.0.jar:/Users/aishwaryamanisha/.m2/repository/com/google/j2objc/j2objc-annotations/1.1/j2objc-annotations-1.1.jar:/Users/aishwaryamanisha/.m2/repository/com/daml/ledger-api-auth-client/1.2.0/ledger-api-auth-client-1.2.0.jar:/Users/aishwaryamanisha/.m2/repository/com/daml/rs-grpc-bridge/1.2.0/rs-grpc-bridge-1.2.0.jar:/Users/aishwaryamanisha/.m2/repository/org/reactivestreams/reactive-streams/1.0.3/reactive-streams-1.0.3.jar:/Users/aishwaryamanisha/.m2/repository/com/google/api/grpc/proto-google-common-protos/1.17.0/proto-google-common-protos-1.17.0.jar:/Users/aishwaryamanisha/.m2/repository/com/google/protobuf/protobuf-java/3.11.0/protobuf-java-3.11.0.jar:/Users/aishwaryamanisha/.m2/repository/io/grpc/grpc-api/1.29.0/grpc-api-1.29.0.jar:/Users/aishwaryamanisha/.m2/repository/io/grpc/grpc-context/1.29.0/grpc-context-1.29.0.jar:/Users/aishwaryamanisha/.m2/repository/com/google/errorprone/error_prone_annotations/2.3.4/error_prone_annotations-2.3.4.jar:/Users/aishwaryamanisha/.m2/repository/org/codehaus/mojo/animal-sniffer-annotations/1.18/animal-sniffer-annotations-1.18.jar:/Users/aishwaryamanisha/.m2/repository/io/grpc/grpc-core/1.29.0/grpc-core-1.29.0.jar:/Users/aishwaryamanisha/.m2/repository/com/google/code/gson/gson/2.8.6/gson-2.8.6.jar:/Users/aishwaryamanisha/.m2/repository/com/google/android/annotations/4.1.1.4/annotations-4.1.1.4.jar:/Users/aishwaryamanisha/.m2/repository/io/perfmark/perfmark-api/0.19.0/perfmark-api-0.19.0.jar:/Users/aishwaryamanisha/.m2/repository/io/grpc/grpc-netty/1.29.0/grpc-netty-1.29.0.jar:/Users/aishwaryamanisha/.m2/repository/io/netty/netty-codec-http2/4.1.43.Final/netty-codec-http2-4.1.43.Final.jar:/Users/aishwaryamanisha/.m2/repository/io/netty/netty-codec-http/4.1.43.Final/netty-codec-http-4.1.43.Final.jar:/Users/aishwaryamanisha/.m2/repository/io/netty/netty-handler-proxy/4.1.43.Final/netty-handler-proxy-4.1.43.Final.jar:/Users/aishwaryamanisha/.m2/repository/io/netty/netty-codec-socks/4.1.43.Final/netty-codec-socks-4.1.43.Final.jar:/Users/aishwaryamanisha/.m2/repository/io/grpc/grpc-protobuf/1.29.0/grpc-protobuf-1.29.0.jar:/Users/aishwaryamanisha/.m2/repository/io/grpc/grpc-protobuf-lite/1.29.0/grpc-protobuf-lite-1.29.0.jar:/Users/aishwaryamanisha/.m2/repository/io/grpc/grpc-stub/1.29.0/grpc-stub-1.29.0.jar:/Users/aishwaryamanisha/.m2/repository/io/netty/netty-handler/4.1.43.Final/netty-handler-4.1.43.Final.jar:/Users/aishwaryamanisha/.m2/repository/io/netty/netty-common/4.1.43.Final/netty-common-4.1.43.Final.jar:/Users/aishwaryamanisha/.m2/repository/io/netty/netty-buffer/4.1.43.Final/netty-buffer-4.1.43.Final.jar:/Users/aishwaryamanisha/.m2/repository/io/netty/netty-transport/4.1.43.Final/netty-transport-4.1.43.Final.jar:/Users/aishwaryamanisha/.m2/repository/io/netty/netty-resolver/4.1.43.Final/netty-resolver-4.1.43.Final.jar:/Users/aishwaryamanisha/.m2/repository/io/netty/netty-codec/4.1.43.Final/netty-codec-4.1.43.Final.jar:/Users/aishwaryamanisha/.m2/repository/io/reactivex/rxjava2/rxjava/2.2.14/rxjava-2.2.14.jar:/Users/aishwaryamanisha/.m2/repository/org/checkerframework/checker/2.5.4/checker-2.5.4.jar:/Users/aishwaryamanisha/.m2/repository/org/pcollections/pcollections/2.1.3/pcollections-2.1.3.jar:/Users/aishwaryamanisha/.m2/repository/org/slf4j/slf4j-api/1.7.29/slf4j-api-1.7.29.jar:/Users/aishwaryamanisha/.m2/repository/com/daml/daml-lf-dev-archive-java-proto/1.2.0/daml-lf-dev-archive-java-proto-1.2.0.jar:"/>
    <property name="java.vm.vendor" value="Oracle Corporation"/>
    <property name="sun.arch.data.model" value="64"/>
    <property name="java.vendor.url" value="https://java.oracle.com/"/>
    <property name="os.name" value="Mac OS X"/>
    <property name="java.vm.specification.version" value="13"/>
    <property name="sun.java.launcher" value="SUN_STANDARD"/>
    <property name="user.country" value="GB"/>
    <property name="sun.boot.library.path" value="/Library/Java/JavaVirtualMachines/jdk-13.0.1.jdk/Contents/Home/lib"/>
    <property name="sun.java.command" value="/Users/aishwaryamanisha/Hackademy/hackademy/API/target/surefire/surefirebooter6338966578833153143.jar /Users/aishwaryamanisha/Hackademy/hackademy/API/target/surefire 2020-08-27T15-22-17_018-jvmRun1 surefire10564373775712386934tmp surefire_013729788383321376419tmp"/>
    <property name="http.nonProxyHosts" value="local|*.local|169.254/16|*.169.254/16"/>
    <property name="jdk.debug" value="release"/>
    <property name="surefire.test.class.path" value="/Users/aishwaryamanisha/Hackademy/hackademy/API/target/test-classes:/Users/aishwaryamanisha/Hackademy/hackademy/API/target/classes:/Users/aishwaryamanisha/.m2/repository/org/springframework/boot/spring-boot-starter/2.2.1.RELEASE/spring-boot-starter-2.2.1.RELEASE.jar:/Users/aishwaryamanisha/.m2/repository/org/springframework/boot/spring-boot/2.2.1.RELEASE/spring-boot-2.2.1.RELEASE.jar:/Users/aishwaryamanisha/.m2/repository/org/springframework/spring-context/5.2.1.RELEASE/spring-context-5.2.1.RELEASE.jar:/Users/aishwaryamanisha/.m2/repository/org/springframework/spring-aop/5.2.1.RELEASE/spring-aop-5.2.1.RELEASE.jar:/Users/aishwaryamanisha/.m2/repository/org/springframework/spring-beans/5.2.1.RELEASE/spring-beans-5.2.1.RELEASE.jar:/Users/aishwaryamanisha/.m2/repository/org/springframework/spring-expression/5.2.1.RELEASE/spring-expression-5.2.1.RELEASE.jar:/Users/aishwaryamanisha/.m2/repository/org/springframework/boot/spring-boot-autoconfigure/2.2.1.RELEASE/spring-boot-autoconfigure-2.2.1.RELEASE.jar:/Users/aishwaryamanisha/.m2/repository/org/springframework/boot/spring-boot-starter-logging/2.2.1.RELEASE/spring-boot-starter-logging-2.2.1.RELEASE.jar:/Users/aishwaryamanisha/.m2/repository/ch/qos/logback/logback-classic/1.2.3/logback-classic-1.2.3.jar:/Users/aishwaryamanisha/.m2/repository/ch/qos/logback/logback-core/1.2.3/logback-core-1.2.3.jar:/Users/aishwaryamanisha/.m2/repository/org/apache/logging/log4j/log4j-to-slf4j/2.12.1/log4j-to-slf4j-2.12.1.jar:/Users/aishwaryamanisha/.m2/repository/org/apache/logging/log4j/log4j-api/2.12.1/log4j-api-2.12.1.jar:/Users/aishwaryamanisha/.m2/repository/org/slf4j/jul-to-slf4j/1.7.29/jul-to-slf4j-1.7.29.jar:/Users/aishwaryamanisha/.m2/repository/jakarta/annotation/jakarta.annotation-api/1.3.5/jakarta.annotation-api-1.3.5.jar:/Users/aishwaryamanisha/.m2/repository/org/springframework/spring-core/5.2.1.RELEASE/spring-core-5.2.1.RELEASE.jar:/Users/aishwaryamanisha/.m2/repository/org/springframework/spring-jcl/5.2.1.RELEASE/spring-jcl-5.2.1.RELEASE.jar:/Users/aishwaryamanisha/.m2/repository/org/yaml/snakeyaml/1.25/snakeyaml-1.25.jar:/Users/aishwaryamanisha/.m2/repository/org/springframework/boot/spring-boot-starter-test/2.2.1.RELEASE/spring-boot-starter-test-2.2.1.RELEASE.jar:/Users/aishwaryamanisha/.m2/repository/org/springframework/boot/spring-boot-test/2.2.1.RELEASE/spring-boot-test-2.2.1.RELEASE.jar:/Users/aishwaryamanisha/.m2/repository/org/springframework/boot/spring-boot-test-autoconfigure/2.2.1.RELEASE/spring-boot-test-autoconfigure-2.2.1.RELEASE.jar:/Users/aishwaryamanisha/.m2/repository/com/jayway/jsonpath/json-path/2.4.0/json-path-2.4.0.jar:/Users/aishwaryamanisha/.m2/repository/net/minidev/json-smart/2.3/json-smart-2.3.jar:/Users/aishwaryamanisha/.m2/repository/net/minidev/accessors-smart/1.2/accessors-smart-1.2.jar:/Users/aishwaryamanisha/.m2/repository/org/ow2/asm/asm/5.0.4/asm-5.0.4.jar:/Users/aishwaryamanisha/.m2/repository/jakarta/xml/bind/jakarta.xml.bind-api/2.3.2/jakarta.xml.bind-api-2.3.2.jar:/Users/aishwaryamanisha/.m2/repository/jakarta/activation/jakarta.activation-api/1.2.1/jakarta.activation-api-1.2.1.jar:/Users/aishwaryamanisha/.m2/repository/org/junit/jupiter/junit-jupiter/5.5.2/junit-jupiter-5.5.2.jar:/Users/aishwaryamanisha/.m2/repository/org/junit/jupiter/junit-jupiter-api/5.5.2/junit-jupiter-api-5.5.2.jar:/Users/aishwaryamanisha/.m2/repository/org/apiguardian/apiguardian-api/1.1.0/apiguardian-api-1.1.0.jar:/Users/aishwaryamanisha/.m2/repository/org/opentest4j/opentest4j/1.2.0/opentest4j-1.2.0.jar:/Users/aishwaryamanisha/.m2/repository/org/junit/platform/junit-platform-commons/1.5.2/junit-platform-commons-1.5.2.jar:/Users/aishwaryamanisha/.m2/repository/org/junit/jupiter/junit-jupiter-params/5.5.2/junit-jupiter-params-5.5.2.jar:/Users/aishwaryamanisha/.m2/repository/org/junit/jupiter/junit-jupiter-engine/5.5.2/junit-jupiter-engine-5.5.2.jar:/Users/aishwaryamanisha/.m2/repository/org/junit/platform/junit-platform-engine/1.5.2/junit-platform-engine-1.5.2.jar:/Users/aishwaryamanisha/.m2/repository/org/mockito/mockito-junit-jupiter/3.1.0/mockito-junit-jupiter-3.1.0.jar:/Users/aishwaryamanisha/.m2/repository/org/assertj/assertj-core/3.13.2/assertj-core-3.13.2.jar:/Users/aishwaryamanisha/.m2/repository/org/hamcrest/hamcrest/2.1/hamcrest-2.1.jar:/Users/aishwaryamanisha/.m2/repository/org/mockito/mockito-core/3.1.0/mockito-core-3.1.0.jar:/Users/aishwaryamanisha/.m2/repository/net/bytebuddy/byte-buddy/1.10.2/byte-buddy-1.10.2.jar:/Users/aishwaryamanisha/.m2/repository/net/bytebuddy/byte-buddy-agent/1.10.2/byte-buddy-agent-1.10.2.jar:/Users/aishwaryamanisha/.m2/repository/org/objenesis/objenesis/2.6/objenesis-2.6.jar:/Users/aishwaryamanisha/.m2/repository/org/skyscreamer/jsonassert/1.5.0/jsonassert-1.5.0.jar:/Users/aishwaryamanisha/.m2/repository/com/vaadin/external/google/android-json/0.0.20131108.vaadin1/android-json-0.0.20131108.vaadin1.jar:/Users/aishwaryamanisha/.m2/repository/org/springframework/spring-test/5.2.1.RELEASE/spring-test-5.2.1.RELEASE.jar:/Users/aishwaryamanisha/.m2/repository/org/xmlunit/xmlunit-core/2.6.3/xmlunit-core-2.6.3.jar:/Users/aishwaryamanisha/.m2/repository/com/daml/bindings-rxjava/1.2.0/bindings-rxjava-1.2.0.jar:/Users/aishwaryamanisha/.m2/repository/com/daml/bindings-java/1.2.0/bindings-java-1.2.0.jar:/Users/aishwaryamanisha/.m2/repository/com/google/code/findbugs/jsr305/3.0.2/jsr305-3.0.2.jar:/Users/aishwaryamanisha/.m2/repository/com/google/guava/guava/24.0-jre/guava-24.0-jre.jar:/Users/aishwaryamanisha/.m2/repository/org/checkerframework/checker-compat-qual/2.0.0/checker-compat-qual-2.0.0.jar:/Users/aishwaryamanisha/.m2/repository/com/google/j2objc/j2objc-annotations/1.1/j2objc-annotations-1.1.jar:/Users/aishwaryamanisha/.m2/repository/com/daml/ledger-api-auth-client/1.2.0/ledger-api-auth-client-1.2.0.jar:/Users/aishwaryamanisha/.m2/repository/com/daml/rs-grpc-bridge/1.2.0/rs-grpc-bridge-1.2.0.jar:/Users/aishwaryamanisha/.m2/repository/org/reactivestreams/reactive-streams/1.0.3/reactive-streams-1.0.3.jar:/Users/aishwaryamanisha/.m2/repository/com/google/api/grpc/proto-google-common-protos/1.17.0/proto-google-common-protos-1.17.0.jar:/Users/aishwaryamanisha/.m2/repository/com/google/protobuf/protobuf-java/3.11.0/protobuf-java-3.11.0.jar:/Users/aishwaryamanisha/.m2/repository/io/grpc/grpc-api/1.29.0/grpc-api-1.29.0.jar:/Users/aishwaryamanisha/.m2/repository/io/grpc/grpc-context/1.29.0/grpc-context-1.29.0.jar:/Users/aishwaryamanisha/.m2/repository/com/google/errorprone/error_prone_annotations/2.3.4/error_prone_annotations-2.3.4.jar:/Users/aishwaryamanisha/.m2/repository/org/codehaus/mojo/animal-sniffer-annotations/1.18/animal-sniffer-annotations-1.18.jar:/Users/aishwaryamanisha/.m2/repository/io/grpc/grpc-core/1.29.0/grpc-core-1.29.0.jar:/Users/aishwaryamanisha/.m2/repository/com/google/code/gson/gson/2.8.6/gson-2.8.6.jar:/Users/aishwaryamanisha/.m2/repository/com/google/android/annotations/4.1.1.4/annotations-4.1.1.4.jar:/Users/aishwaryamanisha/.m2/repository/io/perfmark/perfmark-api/0.19.0/perfmark-api-0.19.0.jar:/Users/aishwaryamanisha/.m2/repository/io/grpc/grpc-netty/1.29.0/grpc-netty-1.29.0.jar:/Users/aishwaryamanisha/.m2/repository/io/netty/netty-codec-http2/4.1.43.Final/netty-codec-http2-4.1.43.Final.jar:/Users/aishwaryamanisha/.m2/repository/io/netty/netty-codec-http/4.1.43.Final/netty-codec-http-4.1.43.Final.jar:/Users/aishwaryamanisha/.m2/repository/io/netty/netty-handler-proxy/4.1.43.Final/netty-handler-proxy-4.1.43.Final.jar:/Users/aishwaryamanisha/.m2/repository/io/netty/netty-codec-socks/4.1.43.Final/netty-codec-socks-4.1.43.Final.jar:/Users/aishwaryamanisha/.m2/repository/io/grpc/grpc-protobuf/1.29.0/grpc-protobuf-1.29.0.jar:/Users/aishwaryamanisha/.m2/repository/io/grpc/grpc-protobuf-lite/1.29.0/grpc-protobuf-lite-1.29.0.jar:/Users/aishwaryamanisha/.m2/repository/io/grpc/grpc-stub/1.29.0/grpc-stub-1.29.0.jar:/Users/aishwaryamanisha/.m2/repository/io/netty/netty-handler/4.1.43.Final/netty-handler-4.1.43.Final.jar:/Users/aishwaryamanisha/.m2/repository/io/netty/netty-common/4.1.43.Final/netty-common-4.1.43.Final.jar:/Users/aishwaryamanisha/.m2/repository/io/netty/netty-buffer/4.1.43.Final/netty-buffer-4.1.43.Final.jar:/Users/aishwaryamanisha/.m2/repository/io/netty/netty-transport/4.1.43.Final/netty-transport-4.1.43.Final.jar:/Users/aishwaryamanisha/.m2/repository/io/netty/netty-resolver/4.1.43.Final/netty-resolver-4.1.43.Final.jar:/Users/aishwaryamanisha/.m2/repository/io/netty/netty-codec/4.1.43.Final/netty-codec-4.1.43.Final.jar:/Users/aishwaryamanisha/.m2/repository/io/reactivex/rxjava2/rxjava/2.2.14/rxjava-2.2.14.jar:/Users/aishwaryamanisha/.m2/repository/org/checkerframework/checker/2.5.4/checker-2.5.4.jar:/Users/aishwaryamanisha/.m2/repository/org/pcollections/pcollections/2.1.3/pcollections-2.1.3.jar:/Users/aishwaryamanisha/.m2/repository/org/slf4j/slf4j-api/1.7.29/slf4j-api-1.7.29.jar:/Users/aishwaryamanisha/.m2/repository/com/daml/daml-lf-dev-archive-java-proto/1.2.0/daml-lf-dev-archive-java-proto-1.2.0.jar:"/>
    <property name="sun.cpu.endian" value="little"/>
    <property name="user.home" value="/Users/aishwaryamanisha"/>
    <property name="user.language" value="en"/>
    <property name="java.specification.vendor" value="Oracle Corporation"/>
    <property name="java.version.date" value="2019-10-15"/>
    <property name="java.home" value="/Library/Java/JavaVirtualMachines/jdk-13.0.1.jdk/Contents/Home"/>
    <property name="file.separator" value="/"/>
    <property name="basedir" value="/Users/aishwaryamanisha/Hackademy/hackademy/API"/>
    <property name="java.vm.compressedOopsMode" value="Zero based"/>
    <property name="line.separator" value="&#10;"/>
    <property name="java.specification.name" value="Java Platform API Specification"/>
    <property name="java.vm.specification.vendor" value="Oracle Corporation"/>
    <property name="surefire.real.class.path" value="/Users/aishwaryamanisha/Hackademy/hackademy/API/target/surefire/surefirebooter6338966578833153143.jar"/>
    <property name="sun.management.compiler" value="HotSpot 64-Bit Tiered Compilers"/>
    <property name="ftp.nonProxyHosts" value="local|*.local|169.254/16|*.169.254/16"/>
    <property name="java.runtime.version" value="13.0.1+9"/>
    <property name="user.name" value="aishwaryamanisha"/>
    <property name="path.separator" value=":"/>
    <property name="os.version" value="10.15.6"/>
    <property name="java.runtime.name" value="Java(TM) SE Runtime Environment"/>
    <property name="file.encoding" value="UTF-8"/>
    <property name="java.vm.name" value="Java HotSpot(TM) 64-Bit Server VM"/>
    <property name="localRepository" value="/Users/aishwaryamanisha/.m2/repository"/>
    <property name="java.vendor.url.bug" value="https://bugreport.java.com/bugreport/"/>
    <property name="java.io.tmpdir" value="/var/folders/bb/t_ts9jwj4x50hzng0vfzp3f80000gn/T/"/>
    <property name="java.version" value="13.0.1"/>
    <property name="user.dir" value="/Users/aishwaryamanisha/Hackademy/hackademy/API"/>
    <property name="os.arch" value="x86_64"/>
    <property name="java.vm.specification.name" value="Java Virtual Machine Specification"/>
    <property name="java.library.path" value="/Users/aishwaryamanisha/Library/Java/Extensions:/Library/Java/Extensions:/Network/Library/Java/Extensions:/System/Library/Java/Extensions:/usr/lib/java:."/>
    <property name="java.vm.info" value="mixed mode, sharing"/>
    <property name="java.vendor" value="Oracle Corporation"/>
    <property name="java.vm.version" value="13.0.1+9"/>
    <property name="sun.io.unicode.encoding" value="UnicodeBig"/>
    <property name="socksNonProxyHosts" value="local|*.local|169.254/16|*.169.254/16"/>
    <property name="java.class.version" value="57.0"/>
  </properties>
  <testcase name="contextLoads" classname="com.noobHack.karma.KarmaApplicationTests" time="0.36"/>
</testsuite>