<?xml version='1.0' ?><testsuites errors="0" failures="0" tests="0"><testsuite name="src/main/daml/Setup.daml" tests="0" /><testsuite name="src/main/daml/HackAdemy/Course/Course.daml" tests="0" /><testsuite name="src/main/daml/HackAdemy/Course/Lang.daml" tests="0" /><testsuite name="src/main/daml/HackAdemy/KC/KC.daml" tests="0" /><testsuite name="src/main/daml/HackAdemy/KC/Lang.daml" tests="0" /><testsuite name="src/main/daml/HackAdemy/Karma/Karma.daml" tests="0" /><testsuite name="src/main/daml/HackAdemy/Karma/Lang.daml" tests="0" /><testsuite name="src/main/daml/HackAdemy/Roles/CourseCreatorRole.daml" tests="0" /><testsuite name="src/main/daml/HackAdemy/Roles/Lang.daml" tests="0" /><testsuite name="src/main/daml/HackAdemy/Roles/OperatorRole.daml" tests="0" /><testsuite name="src/main/daml/HackAdemy/Wallet/Karma.daml" tests="0" /><testsuite name="src/main/daml/HackAdemy/Wallet/Lang.daml" tests="0" /></testsuites>